[DEBUG] 2018-07-21 11:02:25.076 [main] MainReader - file: 'file.txt' correctly open
[DEBUG] 2018-07-21 11:02:25.081 [main] MainReader - '12.12.2015' correctly read from file(first read)
[DEBUG] 2018-07-21 11:02:25.086 [main] MainReader - Date: 12.12.2015 successfully parsed to 12-12-15
[DEBUG] 2018-07-21 11:02:25.087 [main] MainReader - '10' correctly read from file
[DEBUG] 2018-07-21 11:02:25.087 [main] MainReader - '10' is incorrect date
[DEBUG] 2018-07-21 11:02:25.087 [main] MainReader - '10.12.2016' correctly read from file
[DEBUG] 2018-07-21 11:02:25.088 [main] MainReader - Date: 10.12.2016 successfully parsed to 10-12-16
[DEBUG] 2018-07-21 11:02:25.088 [main] MainReader - '01.01.2017' correctly read from file
[DEBUG] 2018-07-21 11:02:25.088 [main] MainReader - Date: 01.01.2017 successfully parsed to 01-01-17
[DEBUG] 2018-07-21 11:02:25.089 [main] MainReader - '40.10.2017' correctly read from file
[DEBUG] 2018-07-21 11:02:25.089 [main] MainReader - '40.10.2017' is incorrect date
[DEBUG] 2018-07-21 11:02:25.089 [main] MainReader - '10.13.2018' correctly read from file
[DEBUG] 2018-07-21 11:02:25.089 [main] MainReader - '10.13.2018' is incorrect date
[DEBUG] 2018-07-21 11:02:25.089 [main] MainReader - 'bla bla' correctly read from file
[DEBUG] 2018-07-21 11:02:25.090 [main] MainReader - 'bla bla' is incorrect date
[DEBUG] 2018-07-21 11:02:25.090 [main] MainReader - 'null' correctly read from file
[DEBUG] 2018-07-21 11:02:25.090 [main] MainReader - exit

[DEBUG] 2018-07-21 11:03:27.560 [main] MainReader - file: 'file.txt' correctly open
[DEBUG] 2018-07-21 11:03:27.564 [main] MainReader - '12.12.2015' correctly read from file(first read)
[DEBUG] 2018-07-21 11:03:27.566 [main] MainReader - Date: 12.12.2015 successfully parsed to 12-12-15
[DEBUG] 2018-07-21 11:03:27.566 [main] MainReader - '10' correctly read from file
[DEBUG] 2018-07-21 11:03:27.566 [main] MainReader - '10' is incorrect date
[DEBUG] 2018-07-21 11:03:27.567 [main] MainReader - '10.12.2016' correctly read from file
[DEBUG] 2018-07-21 11:03:27.567 [main] MainReader - Date: 10.12.2016 successfully parsed to 10-12-16
[DEBUG] 2018-07-21 11:03:27.567 [main] MainReader - '01.01.2017' correctly read from file
[DEBUG] 2018-07-21 11:03:27.567 [main] MainReader - Date: 01.01.2017 successfully parsed to 01-01-17
[DEBUG] 2018-07-21 11:03:27.568 [main] MainReader - '40.10.2017' correctly read from file
[DEBUG] 2018-07-21 11:03:27.568 [main] MainReader - '40.10.2017' is incorrect date
[DEBUG] 2018-07-21 11:03:27.568 [main] MainReader - '10.13.2018' correctly read from file
[DEBUG] 2018-07-21 11:03:27.568 [main] MainReader - '10.13.2018' is incorrect date
[DEBUG] 2018-07-21 11:03:27.568 [main] MainReader - 'bla bla' correctly read from file
[DEBUG] 2018-07-21 11:03:27.568 [main] MainReader - 'bla bla' is incorrect date
[DEBUG] 2018-07-21 11:03:27.568 [main] MainReader - 'null' correctly read from file
[DEBUG] 2018-07-21 11:03:27.569 [main] MainReader - exit

[ERROR] 2018-07-21 11:04:26.628 [main] MainReader - File: 'file.t1xt' not found.
java.io.FileNotFoundException: file.t1xt (Не удается найти указанный файл)
	at java.io.FileInputStream.open0(Native Method) ~[?:1.8.0_172]
	at java.io.FileInputStream.open(FileInputStream.java:195) ~[?:1.8.0_172]
	at java.io.FileInputStream.<init>(FileInputStream.java:138) ~[?:1.8.0_172]
	at java.io.FileInputStream.<init>(FileInputStream.java:93) ~[?:1.8.0_172]
	at java.io.FileReader.<init>(FileReader.java:58) ~[?:1.8.0_172]
	at com.epam.file.MainReader.readFile(MainReader.java:56) [classes/:?]
	at com.epam.file.MainReader.main(MainReader.java:43) [classes/:?]
	at sun.reflect.NativeMethodAccessorImpl.invoke0(Native Method) ~[?:1.8.0_172]
	at sun.reflect.NativeMethodAccessorImpl.invoke(NativeMethodAccessorImpl.java:62) ~[?:1.8.0_172]
	at sun.reflect.DelegatingMethodAccessorImpl.invoke(DelegatingMethodAccessorImpl.java:43) ~[?:1.8.0_172]
	at java.lang.reflect.Method.invoke(Method.java:498) ~[?:1.8.0_172]
	at com.intellij.rt.execution.application.AppMain.main(AppMain.java:144) [idea_rt.jar:?]
[DEBUG] 2018-07-21 11:04:26.647 [main] MainReader - exit

